<?xml version="1.0" encoding="UTF-8"?>
<!-- Generated by org.testng.reporters.JUnitReportReporter -->
<testsuite skipped="0" hostname="BDC6-DX-840RX52" name="Exceldemos.Excelpgm1" tests="1" failures="0" timestamp="2020-01-23T09:53:14 IST" time="0.641" errors="0">
  <testcase name="readExcelData" time="0.641" classname="Exceldemos.Excelpgm1"/>
</testsuite> <!-- Exceldemos.Excelpgm1 -->
