<?xml version="1.0" encoding="UTF-8"?>
<!-- Generated by org.testng.reporters.JUnitReportReporter -->
<testsuite skipped="2" hostname="BDC6-DX-840RX52" name="TESTNG.IgnoreTest" tests="4" failures="0" timestamp="2020-01-21T14:30:53 IST" time="0.015" errors="0">
  <testcase name="test4" time="0.002" classname="TESTNG.IgnoreTest"/>
  <testcase name="test3" time="0.013" classname="TESTNG.IgnoreTest"/>
  <testcase name="test1" classname="TESTNG.IgnoreTest">
    <skipped/>
  </testcase> <!-- test1 -->
  <testcase name="test5" classname="TESTNG.IgnoreTest">
    <skipped/>
  </testcase> <!-- test5 -->
</testsuite> <!-- TESTNG.IgnoreTest -->
