<?xml version="1.0" encoding="UTF-8"?>
<!-- Generated by org.testng.reporters.JUnitReportReporter -->
<testsuite skipped="0" hostname="BDC6-DX-840RX52" name="seleniumlearning.DataproviderTwoDime" tests="3" failures="0" timestamp="2020-01-21T14:59:00 IST" time="0.013" errors="0">
  <testcase name="f" time="0.001" classname="seleniumlearning.DataproviderTwoDime"/>
  <testcase name="f" time="0.010" classname="seleniumlearning.DataproviderTwoDime"/>
  <testcase name="f" time="0.002" classname="seleniumlearning.DataproviderTwoDime"/>
</testsuite> <!-- seleniumlearning.DataproviderTwoDime -->
