<?xml version="1.0" encoding="UTF-8"?>
<!-- Generated by org.testng.reporters.JUnitReportReporter -->
<testsuite skipped="0" hostname="BDC6-DX-840RX52" name="TESTNG.Testngpgm1" tests="4" failures="0" timestamp="2020-01-21T12:37:29 IST" time="0.012" errors="0">
  <testcase name="vali_sign_on" time="0.003" classname="TESTNG.Testngpgm1"/>
  <testcase name="vali_register" time="0.002" classname="TESTNG.Testngpgm1"/>
  <testcase name="vali_support" time="0.002" classname="TESTNG.Testngpgm1"/>
  <testcase name="vali_contact" time="0.005" classname="TESTNG.Testngpgm1"/>
</testsuite> <!-- TESTNG.Testngpgm1 -->
