<?xml version="1.0" encoding="UTF-8"?>
<!-- Generated by org.testng.reporters.JUnitReportReporter -->
<testsuite skipped="0" hostname="BDC6-DX-840RX52" name="TESTNG.PrioryPgm2" tests="3" failures="0" timestamp="2020-01-21T14:20:30 IST" time="0.017" errors="0">
  <testcase name="c_test" time="0.014" classname="TESTNG.PrioryPgm2"/>
  <testcase name="b_test" time="0.001" classname="TESTNG.PrioryPgm2"/>
  <testcase name="a_test" time="0.002" classname="TESTNG.PrioryPgm2"/>
</testsuite> <!-- TESTNG.PrioryPgm2 -->
