<?xml version="1.0" encoding="UTF-8"?>
<!-- Generated by org.testng.reporters.JUnitReportReporter -->
<testsuite skipped="0" hostname="BDC6-DX-840RX52" name="Exceldemos.Groupingpgm1" tests="4" failures="0" timestamp="2020-01-23T10:18:19 IST" time="0.018" errors="0">
  <testcase name="ScooterTest" time="0.002" classname="Exceldemos.Groupingpgm1"/>
  <testcase name="CarTest" time="0.012" classname="Exceldemos.Groupingpgm1"/>
  <testcase name="ScooterbikeTest" time="0.001" classname="Exceldemos.Groupingpgm1"/>
  <testcase name="Sedan1" time="0.003" classname="Exceldemos.Groupingpgm1"/>
</testsuite> <!-- Exceldemos.Groupingpgm1 -->
