<?xml version="1.0" encoding="UTF-8"?>
<!-- Generated by org.testng.reporters.JUnitReportReporter -->
<testsuite skipped="0" hostname="BDC6-DX-840RX52" name="seleniumlearning.AsserrtPgm" tests="1" failures="0" timestamp="2020-01-21T17:02:16 IST" time="12.914" errors="0">
  <testcase name="verifyHomepagetitle" time="12.914" classname="seleniumlearning.AsserrtPgm"/>
</testsuite> <!-- seleniumlearning.AsserrtPgm -->
