<?xml version="1.0" encoding="UTF-8"?>
<!-- Generated by org.testng.reporters.JUnitReportReporter -->
<testsuite skipped="0" hostname="BDC6-DX-840RX52" name="Exceldemos.yahootest" tests="1" failures="0" timestamp="2020-01-23T10:29:48 IST" time="0.008" errors="0">
  <testcase name="f" time="0.008" classname="Exceldemos.yahootest"/>
</testsuite> <!-- Exceldemos.yahootest -->
