<?xml version="1.0" encoding="UTF-8"?>
<!-- Generated by org.testng.reporters.JUnitReportReporter -->
<testsuite skipped="0" hostname="BDC6-DX-840RX52" name="CaseStudies.OnlineShopping" tests="7" failures="0" timestamp="2020-01-24T11:17:08 IST" time="0.036" errors="0">
  <testcase name="testRegistration" time="0.013" classname="CaseStudies.OnlineShopping"/>
  <testcase name="testlogin" time="0.003" classname="CaseStudies.OnlineShopping"/>
  <testcase name="testCart" time="0.001" classname="CaseStudies.OnlineShopping"/>
  <testcase name="testPayment" time="0.002" classname="CaseStudies.OnlineShopping"/>
  <testcase name="startReportBeforeTest" time="0.005" classname="CaseStudies.OnlineShopping"/>
  <testcase name="getResultAfterMethod" time="0.005" classname="CaseStudies.OnlineShopping"/>
  <testcase name="endReportAfterTest" time="0.007" classname="CaseStudies.OnlineShopping"/>
</testsuite> <!-- CaseStudies.OnlineShopping -->
